INFO:     Started server process [12612]
INFO:     Waiting for application startup.
INFO:     Application startup complete.
INFO:     Uvicorn running on http://127.0.0.1:8501 (Press CTRL+C to quit)
INFO:     127.0.0.1:54968 - "GET / HTTP/1.1" 500 Internal Server Error
ERROR:    Exception in ASGI application
Traceback (most recent call last):
  File "C:\Users\S0G0K3S\OneDrive - Walmart Inc\Documents\puppy_workspace\phl5-compliance\.venv\Lib\site-packages\uvicorn\protocols\http\httptools_impl.py", line 416, in run_asgi
    result = await app(  # type: ignore[func-returns-value]
             ^^^^^^^^^^^^^^^^^^^^^^^^^^^^^^^^^^^^^^^^^^^^^^
        self.scope, self.receive, self.send
        ^^^^^^^^^^^^^^^^^^^^^^^^^^^^^^^^^^^
    )
    ^
  File "C:\Users\S0G0K3S\OneDrive - Walmart Inc\Documents\puppy_workspace\phl5-compliance\.venv\Lib\site-packages\uvicorn\middleware\proxy_headers.py", line 60, in __call__
    return await self.app(scope, receive, send)
           ^^^^^^^^^^^^^^^^^^^^^^^^^^^^^^^^^^^^
  File "C:\Users\S0G0K3S\OneDrive - Walmart Inc\Documents\puppy_workspace\phl5-compliance\.venv\Lib\site-packages\fastapi\applications.py", line 1160, in __call__
    await super().__call__(scope, receive, send)
  File "C:\Users\S0G0K3S\OneDrive - Walmart Inc\Documents\puppy_workspace\phl5-compliance\.venv\Lib\site-packages\starlette\applications.py", line 107, in __call__
    await self.middleware_stack(scope, receive, send)
  File "C:\Users\S0G0K3S\OneDrive - Walmart Inc\Documents\puppy_workspace\phl5-compliance\.venv\Lib\site-packages\starlette\middleware\errors.py", line 186, in __call__
    raise exc
  File "C:\Users\S0G0K3S\OneDrive - Walmart Inc\Documents\puppy_workspace\phl5-compliance\.venv\Lib\site-packages\starlette\middleware\errors.py", line 164, in __call__
    await self.app(scope, receive, _send)
  File "C:\Users\S0G0K3S\OneDrive - Walmart Inc\Documents\puppy_workspace\phl5-compliance\.venv\Lib\site-packages\starlette\middleware\exceptions.py", line 63, in __call__
    await wrap_app_handling_exceptions(self.app, conn)(scope, receive, send)
  File "C:\Users\S0G0K3S\OneDrive - Walmart Inc\Documents\puppy_workspace\phl5-compliance\.venv\Lib\site-packages\starlette\_exception_handler.py", line 53, in wrapped_app
    raise exc
  File "C:\Users\S0G0K3S\OneDrive - Walmart Inc\Documents\puppy_workspace\phl5-compliance\.venv\Lib\site-packages\starlette\_exception_handler.py", line 42, in wrapped_app
    await app(scope, receive, sender)
  File "C:\Users\S0G0K3S\OneDrive - Walmart Inc\Documents\puppy_workspace\phl5-compliance\.venv\Lib\site-packages\fastapi\middleware\asyncexitstack.py", line 18, in __call__
    await self.app(scope, receive, send)
  File "C:\Users\S0G0K3S\OneDrive - Walmart Inc\Documents\puppy_workspace\phl5-compliance\.venv\Lib\site-packages\starlette\routing.py", line 716, in __call__
    await self.middleware_stack(scope, receive, send)
  File "C:\Users\S0G0K3S\OneDrive - Walmart Inc\Documents\puppy_workspace\phl5-compliance\.venv\Lib\site-packages\starlette\routing.py", line 736, in app
    await route.handle(scope, receive, send)
  File "C:\Users\S0G0K3S\OneDrive - Walmart Inc\Documents\puppy_workspace\phl5-compliance\.venv\Lib\site-packages\starlette\routing.py", line 290, in handle
    await self.app(scope, receive, send)
  File "C:\Users\S0G0K3S\OneDrive - Walmart Inc\Documents\puppy_workspace\phl5-compliance\.venv\Lib\site-packages\fastapi\routing.py", line 130, in app
    await wrap_app_handling_exceptions(app, request)(scope, receive, send)
  File "C:\Users\S0G0K3S\OneDrive - Walmart Inc\Documents\puppy_workspace\phl5-compliance\.venv\Lib\site-packages\starlette\_exception_handler.py", line 53, in wrapped_app
    raise exc
  File "C:\Users\S0G0K3S\OneDrive - Walmart Inc\Documents\puppy_workspace\phl5-compliance\.venv\Lib\site-packages\starlette\_exception_handler.py", line 42, in wrapped_app
    await app(scope, receive, sender)
  File "C:\Users\S0G0K3S\OneDrive - Walmart Inc\Documents\puppy_workspace\phl5-compliance\.venv\Lib\site-packages\fastapi\routing.py", line 116, in app
    response = await f(request)
               ^^^^^^^^^^^^^^^^
  File "C:\Users\S0G0K3S\OneDrive - Walmart Inc\Documents\puppy_workspace\phl5-compliance\.venv\Lib\site-packages\fastapi\routing.py", line 670, in app
    raw_response = await run_endpoint_function(
                   ^^^^^^^^^^^^^^^^^^^^^^^^^^^^
    ...<3 lines>...
    )
    ^
  File "C:\Users\S0G0K3S\OneDrive - Walmart Inc\Documents\puppy_workspace\phl5-compliance\.venv\Lib\site-packages\fastapi\routing.py", line 324, in run_endpoint_function
    return await dependant.call(**values)
           ^^^^^^^^^^^^^^^^^^^^^^^^^^^^^^
  File "C:\Users\S0G0K3S\OneDrive - Walmart Inc\Documents\puppy_workspace\phl5-compliance\main.py", line 20, in index
    return templates.TemplateResponse("index.html", {
           ~~~~~~~~~~~~~~~~~~~~~~~~~~^^^^^^^^^^^^^^^^
        "request": request,
        ^^^^^^^^^^^^^^^^^^^
    ...<2 lines>...
        "total": summary["total"],
        ^^^^^^^^^^^^^^^^^^^^^^^^^^
    })
    ^^
  File "C:\Users\S0G0K3S\OneDrive - Walmart Inc\Documents\puppy_workspace\phl5-compliance\.venv\Lib\site-packages\starlette\templating.py", line 210, in TemplateResponse
    return _TemplateResponse(
        template,
    ...<4 lines>...
        background=background,
    )
  File "C:\Users\S0G0K3S\OneDrive - Walmart Inc\Documents\puppy_workspace\phl5-compliance\.venv\Lib\site-packages\starlette\templating.py", line 41, in __init__
    content = template.render(context)
  File "C:\Users\S0G0K3S\OneDrive - Walmart Inc\Documents\puppy_workspace\phl5-compliance\.venv\Lib\site-packages\jinja2\environment.py", line 1295, in render
    self.environment.handle_exception()
    ~~~~~~~~~~~~~~~~~~~~~~~~~~~~~~~~~^^
  File "C:\Users\S0G0K3S\OneDrive - Walmart Inc\Documents\puppy_workspace\phl5-compliance\.venv\Lib\site-packages\jinja2\environment.py", line 942, in handle_exception
    raise rewrite_traceback_stack(source=source)
  File "templates\index.html", line 1, in top-level template code
    {% extends "base.html" %}
  File "templates\base.html", line 45, in top-level template code
    {% block content %}{% endblock %}
    ^^^^^^^^^^^^^^^^^^^^^
  File "templates\index.html", line 164, in block 'content'
    overdue:  {{ summary.sorted_shifts | map(attribute='') | list | tojson }},
    ^^^^^^^^^^^^^^^^^^^^^^^
  File "C:\Users\S0G0K3S\OneDrive - Walmart Inc\Documents\puppy_workspace\phl5-compliance\.venv\Lib\site-packages\jinja2\filters.py", line 1721, in do_tojson
    return htmlsafe_json_dumps(value, dumps=dumps, **kwargs)
  File "C:\Users\S0G0K3S\OneDrive - Walmart Inc\Documents\puppy_workspace\phl5-compliance\.venv\Lib\site-packages\jinja2\utils.py", line 669, in htmlsafe_json_dumps
    dumps(obj, **kwargs)
    ~~~~~^^^^^^^^^^^^^^^
  File "C:\Users\S0G0K3S\AppData\Roaming\uv\python\cpython-3.13.5-windows-x86_64-none\Lib\json\__init__.py", line 238, in dumps
    **kw).encode(obj)
          ~~~~~~^^^^^
  File "C:\Users\S0G0K3S\AppData\Roaming\uv\python\cpython-3.13.5-windows-x86_64-none\Lib\json\encoder.py", line 200, in encode
    chunks = self.iterencode(o, _one_shot=True)
  File "C:\Users\S0G0K3S\AppData\Roaming\uv\python\cpython-3.13.5-windows-x86_64-none\Lib\json\encoder.py", line 261, in iterencode
    return _iterencode(o, 0)
  File "C:\Users\S0G0K3S\AppData\Roaming\uv\python\cpython-3.13.5-windows-x86_64-none\Lib\json\encoder.py", line 180, in default
    raise TypeError(f'Object of type {o.__class__.__name__} '
                    f'is not JSON serializable')
TypeError: Object of type Undefined is not JSON serializable
INFO:     127.0.0.1:54973 - "GET / HTTP/1.1" 500 Internal Server Error
ERROR:    Exception in ASGI application
Traceback (most recent call last):
  File "C:\Users\S0G0K3S\OneDrive - Walmart Inc\Documents\puppy_workspace\phl5-compliance\.venv\Lib\site-packages\uvicorn\protocols\http\httptools_impl.py", line 416, in run_asgi
    result = await app(  # type: ignore[func-returns-value]
             ^^^^^^^^^^^^^^^^^^^^^^^^^^^^^^^^^^^^^^^^^^^^^^
        self.scope, self.receive, self.send
        ^^^^^^^^^^^^^^^^^^^^^^^^^^^^^^^^^^^
    )
    ^
  File "C:\Users\S0G0K3S\OneDrive - Walmart Inc\Documents\puppy_workspace\phl5-compliance\.venv\Lib\site-packages\uvicorn\middleware\proxy_headers.py", line 60, in __call__
    return await self.app(scope, receive, send)
           ^^^^^^^^^^^^^^^^^^^^^^^^^^^^^^^^^^^^
  File "C:\Users\S0G0K3S\OneDrive - Walmart Inc\Documents\puppy_workspace\phl5-compliance\.venv\Lib\site-packages\fastapi\applications.py", line 1160, in __call__
    await super().__call__(scope, receive, send)
  File "C:\Users\S0G0K3S\OneDrive - Walmart Inc\Documents\puppy_workspace\phl5-compliance\.venv\Lib\site-packages\starlette\applications.py", line 107, in __call__
    await self.middleware_stack(scope, receive, send)
  File "C:\Users\S0G0K3S\OneDrive - Walmart Inc\Documents\puppy_workspace\phl5-compliance\.venv\Lib\site-packages\starlette\middleware\errors.py", line 186, in __call__
    raise exc
  File "C:\Users\S0G0K3S\OneDrive - Walmart Inc\Documents\puppy_workspace\phl5-compliance\.venv\Lib\site-packages\starlette\middleware\errors.py", line 164, in __call__
    await self.app(scope, receive, _send)
  File "C:\Users\S0G0K3S\OneDrive - Walmart Inc\Documents\puppy_workspace\phl5-compliance\.venv\Lib\site-packages\starlette\middleware\exceptions.py", line 63, in __call__
    await wrap_app_handling_exceptions(self.app, conn)(scope, receive, send)
  File "C:\Users\S0G0K3S\OneDrive - Walmart Inc\Documents\puppy_workspace\phl5-compliance\.venv\Lib\site-packages\starlette\_exception_handler.py", line 53, in wrapped_app
    raise exc
  File "C:\Users\S0G0K3S\OneDrive - Walmart Inc\Documents\puppy_workspace\phl5-compliance\.venv\Lib\site-packages\starlette\_exception_handler.py", line 42, in wrapped_app
    await app(scope, receive, sender)
  File "C:\Users\S0G0K3S\OneDrive - Walmart Inc\Documents\puppy_workspace\phl5-compliance\.venv\Lib\site-packages\fastapi\middleware\asyncexitstack.py", line 18, in __call__
    await self.app(scope, receive, send)
  File "C:\Users\S0G0K3S\OneDrive - Walmart Inc\Documents\puppy_workspace\phl5-compliance\.venv\Lib\site-packages\starlette\routing.py", line 716, in __call__
    await self.middleware_stack(scope, receive, send)
  File "C:\Users\S0G0K3S\OneDrive - Walmart Inc\Documents\puppy_workspace\phl5-compliance\.venv\Lib\site-packages\starlette\routing.py", line 736, in app
    await route.handle(scope, receive, send)
  File "C:\Users\S0G0K3S\OneDrive - Walmart Inc\Documents\puppy_workspace\phl5-compliance\.venv\Lib\site-packages\starlette\routing.py", line 290, in handle
    await self.app(scope, receive, send)
  File "C:\Users\S0G0K3S\OneDrive - Walmart Inc\Documents\puppy_workspace\phl5-compliance\.venv\Lib\site-packages\fastapi\routing.py", line 130, in app
    await wrap_app_handling_exceptions(app, request)(scope, receive, send)
  File "C:\Users\S0G0K3S\OneDrive - Walmart Inc\Documents\puppy_workspace\phl5-compliance\.venv\Lib\site-packages\starlette\_exception_handler.py", line 53, in wrapped_app
    raise exc
  File "C:\Users\S0G0K3S\OneDrive - Walmart Inc\Documents\puppy_workspace\phl5-compliance\.venv\Lib\site-packages\starlette\_exception_handler.py", line 42, in wrapped_app
    await app(scope, receive, sender)
  File "C:\Users\S0G0K3S\OneDrive - Walmart Inc\Documents\puppy_workspace\phl5-compliance\.venv\Lib\site-packages\fastapi\routing.py", line 116, in app
    response = await f(request)
               ^^^^^^^^^^^^^^^^
  File "C:\Users\S0G0K3S\OneDrive - Walmart Inc\Documents\puppy_workspace\phl5-compliance\.venv\Lib\site-packages\fastapi\routing.py", line 670, in app
    raw_response = await run_endpoint_function(
                   ^^^^^^^^^^^^^^^^^^^^^^^^^^^^
    ...<3 lines>...
    )
    ^
  File "C:\Users\S0G0K3S\OneDrive - Walmart Inc\Documents\puppy_workspace\phl5-compliance\.venv\Lib\site-packages\fastapi\routing.py", line 324, in run_endpoint_function
    return await dependant.call(**values)
           ^^^^^^^^^^^^^^^^^^^^^^^^^^^^^^
  File "C:\Users\S0G0K3S\OneDrive - Walmart Inc\Documents\puppy_workspace\phl5-compliance\main.py", line 20, in index
    return templates.TemplateResponse("index.html", {
           ~~~~~~~~~~~~~~~~~~~~~~~~~~^^^^^^^^^^^^^^^^
        "request": request,
        ^^^^^^^^^^^^^^^^^^^
    ...<2 lines>...
        "total": summary["total"],
        ^^^^^^^^^^^^^^^^^^^^^^^^^^
    })
    ^^
  File "C:\Users\S0G0K3S\OneDrive - Walmart Inc\Documents\puppy_workspace\phl5-compliance\.venv\Lib\site-packages\starlette\templating.py", line 210, in TemplateResponse
    return _TemplateResponse(
        template,
    ...<4 lines>...
        background=background,
    )
  File "C:\Users\S0G0K3S\OneDrive - Walmart Inc\Documents\puppy_workspace\phl5-compliance\.venv\Lib\site-packages\starlette\templating.py", line 41, in __init__
    content = template.render(context)
  File "C:\Users\S0G0K3S\OneDrive - Walmart Inc\Documents\puppy_workspace\phl5-compliance\.venv\Lib\site-packages\jinja2\environment.py", line 1295, in render
    self.environment.handle_exception()
    ~~~~~~~~~~~~~~~~~~~~~~~~~~~~~~~~~^^
  File "C:\Users\S0G0K3S\OneDrive - Walmart Inc\Documents\puppy_workspace\phl5-compliance\.venv\Lib\site-packages\jinja2\environment.py", line 942, in handle_exception
    raise rewrite_traceback_stack(source=source)
  File "templates\index.html", line 1, in top-level template code
    {% extends "base.html" %}
  File "templates\base.html", line 45, in top-level template code
    {% block content %}{% endblock %}
    ^^^^^^^^^^^^^^^^^^^^^
  File "templates\index.html", line 164, in block 'content'
    overdue:  {{ summary.sorted_shifts | map(attribute='') | list | tojson }},
    ^^^^^^^^^^^^^^^^^^^^^^^
  File "C:\Users\S0G0K3S\OneDrive - Walmart Inc\Documents\puppy_workspace\phl5-compliance\.venv\Lib\site-packages\jinja2\filters.py", line 1721, in do_tojson
    return htmlsafe_json_dumps(value, dumps=dumps, **kwargs)
  File "C:\Users\S0G0K3S\OneDrive - Walmart Inc\Documents\puppy_workspace\phl5-compliance\.venv\Lib\site-packages\jinja2\utils.py", line 669, in htmlsafe_json_dumps
    dumps(obj, **kwargs)
    ~~~~~^^^^^^^^^^^^^^^
  File "C:\Users\S0G0K3S\AppData\Roaming\uv\python\cpython-3.13.5-windows-x86_64-none\Lib\json\__init__.py", line 238, in dumps
    **kw).encode(obj)
          ~~~~~~^^^^^
  File "C:\Users\S0G0K3S\AppData\Roaming\uv\python\cpython-3.13.5-windows-x86_64-none\Lib\json\encoder.py", line 200, in encode
    chunks = self.iterencode(o, _one_shot=True)
  File "C:\Users\S0G0K3S\AppData\Roaming\uv\python\cpython-3.13.5-windows-x86_64-none\Lib\json\encoder.py", line 261, in iterencode
    return _iterencode(o, 0)
  File "C:\Users\S0G0K3S\AppData\Roaming\uv\python\cpython-3.13.5-windows-x86_64-none\Lib\json\encoder.py", line 180, in default
    raise TypeError(f'Object of type {o.__class__.__name__} '
                    f'is not JSON serializable')
TypeError: Object of type Undefined is not JSON serializable
INFO:     127.0.0.1:63968 - "GET / HTTP/1.1" 500 Internal Server Error
ERROR:    Exception in ASGI application
Traceback (most recent call last):
  File "C:\Users\S0G0K3S\OneDrive - Walmart Inc\Documents\puppy_workspace\phl5-compliance\.venv\Lib\site-packages\uvicorn\protocols\http\httptools_impl.py", line 416, in run_asgi
    result = await app(  # type: ignore[func-returns-value]
             ^^^^^^^^^^^^^^^^^^^^^^^^^^^^^^^^^^^^^^^^^^^^^^
        self.scope, self.receive, self.send
        ^^^^^^^^^^^^^^^^^^^^^^^^^^^^^^^^^^^
    )
    ^
  File "C:\Users\S0G0K3S\OneDrive - Walmart Inc\Documents\puppy_workspace\phl5-compliance\.venv\Lib\site-packages\uvicorn\middleware\proxy_headers.py", line 60, in __call__
    return await self.app(scope, receive, send)
           ^^^^^^^^^^^^^^^^^^^^^^^^^^^^^^^^^^^^
  File "C:\Users\S0G0K3S\OneDrive - Walmart Inc\Documents\puppy_workspace\phl5-compliance\.venv\Lib\site-packages\fastapi\applications.py", line 1160, in __call__
    await super().__call__(scope, receive, send)
  File "C:\Users\S0G0K3S\OneDrive - Walmart Inc\Documents\puppy_workspace\phl5-compliance\.venv\Lib\site-packages\starlette\applications.py", line 107, in __call__
    await self.middleware_stack(scope, receive, send)
  File "C:\Users\S0G0K3S\OneDrive - Walmart Inc\Documents\puppy_workspace\phl5-compliance\.venv\Lib\site-packages\starlette\middleware\errors.py", line 186, in __call__
    raise exc
  File "C:\Users\S0G0K3S\OneDrive - Walmart Inc\Documents\puppy_workspace\phl5-compliance\.venv\Lib\site-packages\starlette\middleware\errors.py", line 164, in __call__
    await self.app(scope, receive, _send)
  File "C:\Users\S0G0K3S\OneDrive - Walmart Inc\Documents\puppy_workspace\phl5-compliance\.venv\Lib\site-packages\starlette\middleware\exceptions.py", line 63, in __call__
    await wrap_app_handling_exceptions(self.app, conn)(scope, receive, send)
  File "C:\Users\S0G0K3S\OneDrive - Walmart Inc\Documents\puppy_workspace\phl5-compliance\.venv\Lib\site-packages\starlette\_exception_handler.py", line 53, in wrapped_app
    raise exc
  File "C:\Users\S0G0K3S\OneDrive - Walmart Inc\Documents\puppy_workspace\phl5-compliance\.venv\Lib\site-packages\starlette\_exception_handler.py", line 42, in wrapped_app
    await app(scope, receive, sender)
  File "C:\Users\S0G0K3S\OneDrive - Walmart Inc\Documents\puppy_workspace\phl5-compliance\.venv\Lib\site-packages\fastapi\middleware\asyncexitstack.py", line 18, in __call__
    await self.app(scope, receive, send)
  File "C:\Users\S0G0K3S\OneDrive - Walmart Inc\Documents\puppy_workspace\phl5-compliance\.venv\Lib\site-packages\starlette\routing.py", line 716, in __call__
    await self.middleware_stack(scope, receive, send)
  File "C:\Users\S0G0K3S\OneDrive - Walmart Inc\Documents\puppy_workspace\phl5-compliance\.venv\Lib\site-packages\starlette\routing.py", line 736, in app
    await route.handle(scope, receive, send)
  File "C:\Users\S0G0K3S\OneDrive - Walmart Inc\Documents\puppy_workspace\phl5-compliance\.venv\Lib\site-packages\starlette\routing.py", line 290, in handle
    await self.app(scope, receive, send)
  File "C:\Users\S0G0K3S\OneDrive - Walmart Inc\Documents\puppy_workspace\phl5-compliance\.venv\Lib\site-packages\fastapi\routing.py", line 130, in app
    await wrap_app_handling_exceptions(app, request)(scope, receive, send)
  File "C:\Users\S0G0K3S\OneDrive - Walmart Inc\Documents\puppy_workspace\phl5-compliance\.venv\Lib\site-packages\starlette\_exception_handler.py", line 53, in wrapped_app
    raise exc
  File "C:\Users\S0G0K3S\OneDrive - Walmart Inc\Documents\puppy_workspace\phl5-compliance\.venv\Lib\site-packages\starlette\_exception_handler.py", line 42, in wrapped_app
    await app(scope, receive, sender)
  File "C:\Users\S0G0K3S\OneDrive - Walmart Inc\Documents\puppy_workspace\phl5-compliance\.venv\Lib\site-packages\fastapi\routing.py", line 116, in app
    response = await f(request)
               ^^^^^^^^^^^^^^^^
  File "C:\Users\S0G0K3S\OneDrive - Walmart Inc\Documents\puppy_workspace\phl5-compliance\.venv\Lib\site-packages\fastapi\routing.py", line 670, in app
    raw_response = await run_endpoint_function(
                   ^^^^^^^^^^^^^^^^^^^^^^^^^^^^
    ...<3 lines>...
    )
    ^
  File "C:\Users\S0G0K3S\OneDrive - Walmart Inc\Documents\puppy_workspace\phl5-compliance\.venv\Lib\site-packages\fastapi\routing.py", line 324, in run_endpoint_function
    return await dependant.call(**values)
           ^^^^^^^^^^^^^^^^^^^^^^^^^^^^^^
  File "C:\Users\S0G0K3S\OneDrive - Walmart Inc\Documents\puppy_workspace\phl5-compliance\main.py", line 20, in index
    return templates.TemplateResponse("index.html", {
           ~~~~~~~~~~~~~~~~~~~~~~~~~~^^^^^^^^^^^^^^^^
        "request": request,
        ^^^^^^^^^^^^^^^^^^^
    ...<2 lines>...
        "total": summary["total"],
        ^^^^^^^^^^^^^^^^^^^^^^^^^^
    })
    ^^
  File "C:\Users\S0G0K3S\OneDrive - Walmart Inc\Documents\puppy_workspace\phl5-compliance\.venv\Lib\site-packages\starlette\templating.py", line 210, in TemplateResponse
    return _TemplateResponse(
        template,
    ...<4 lines>...
        background=background,
    )
  File "C:\Users\S0G0K3S\OneDrive - Walmart Inc\Documents\puppy_workspace\phl5-compliance\.venv\Lib\site-packages\starlette\templating.py", line 41, in __init__
    content = template.render(context)
  File "C:\Users\S0G0K3S\OneDrive - Walmart Inc\Documents\puppy_workspace\phl5-compliance\.venv\Lib\site-packages\jinja2\environment.py", line 1295, in render
    self.environment.handle_exception()
    ~~~~~~~~~~~~~~~~~~~~~~~~~~~~~~~~~^^
  File "C:\Users\S0G0K3S\OneDrive - Walmart Inc\Documents\puppy_workspace\phl5-compliance\.venv\Lib\site-packages\jinja2\environment.py", line 942, in handle_exception
    raise rewrite_traceback_stack(source=source)
  File "templates\index.html", line 1, in top-level template code
    {% extends "base.html" %}
  File "templates\base.html", line 45, in top-level template code
    {% block content %}{% endblock %}
    ^^^^^^^^^^^^^^^^^^^^^
  File "templates\index.html", line 164, in block 'content'
    overdue:  {{ summary.sorted_shifts | map(attribute='') | list | tojson }},
    ^^^^^^^^^^^^^^^^^^^^^^^
  File "C:\Users\S0G0K3S\OneDrive - Walmart Inc\Documents\puppy_workspace\phl5-compliance\.venv\Lib\site-packages\jinja2\filters.py", line 1721, in do_tojson
    return htmlsafe_json_dumps(value, dumps=dumps, **kwargs)
  File "C:\Users\S0G0K3S\OneDrive - Walmart Inc\Documents\puppy_workspace\phl5-compliance\.venv\Lib\site-packages\jinja2\utils.py", line 669, in htmlsafe_json_dumps
    dumps(obj, **kwargs)
    ~~~~~^^^^^^^^^^^^^^^
  File "C:\Users\S0G0K3S\AppData\Roaming\uv\python\cpython-3.13.5-windows-x86_64-none\Lib\json\__init__.py", line 238, in dumps
    **kw).encode(obj)
          ~~~~~~^^^^^
  File "C:\Users\S0G0K3S\AppData\Roaming\uv\python\cpython-3.13.5-windows-x86_64-none\Lib\json\encoder.py", line 200, in encode
    chunks = self.iterencode(o, _one_shot=True)
  File "C:\Users\S0G0K3S\AppData\Roaming\uv\python\cpython-3.13.5-windows-x86_64-none\Lib\json\encoder.py", line 261, in iterencode
    return _iterencode(o, 0)
  File "C:\Users\S0G0K3S\AppData\Roaming\uv\python\cpython-3.13.5-windows-x86_64-none\Lib\json\encoder.py", line 180, in default
    raise TypeError(f'Object of type {o.__class__.__name__} '
                    f'is not JSON serializable')
TypeError: Object of type Undefined is not JSON serializable
